# JRE version: Java(TM) SE Runtime Environment (8.0_144-b01) (build 1.8.0_144-b01)
# Java VM: Java HotSpot(TM) Client VM (25.144-b01 mixed mode windows-x86 )
Heap:
 def new generation   total 26624K, used 26624K [0x04a00000, 0x066e0000, 0x0f4a0000)
  eden space 23680K, 100% used [0x04a00000, 0x06120000, 0x06120000)
  from space 2944K, 100% used [0x06120000, 0x06400000, 0x06400000)
  to   space 2944K,  99% used [0x06400000, 0x066dfff8, 0x066e0000)
 tenured generation   total 58848K, used 42402K [0x0f4a0000, 0x12e18000, 0x24a00000)
   the space 58848K,  72% used [0x0f4a0000, 0x11e08880, 0x11e08a00, 0x12e18000)
 Metaspace       used 30111K, capacity 32463K, committed 32512K, reserved 33152K
GC Heap History (10 events):
Event: 12.653 GC heap after
Heap after GC invocations=89 (full 5):
 def new generation   total 17856K, used 1920K [0x04a00000, 0x05d50000, 0x0f4a0000)
  eden space 15936K,   0% used [0x04a00000, 0x04a00000, 0x05990000)
  from space 1920K, 100% used [0x05990000, 0x05b70000, 0x05b70000)
  to   space 1920K,   0% used [0x05b70000, 0x05b70000, 0x05d50000)
 tenured generation   total 39364K, used 36083K [0x0f4a0000, 0x11b11000, 0x24a00000)
   the space 39364K,  91% used [0x0f4a0000, 0x117dcd90, 0x117dce00, 0x11b11000)
 Metaspace       used 30033K, capacity 32322K, committed 32384K, reserved 33152K
}
Event: 12.871 GC heap before
{Heap before GC invocations=89 (full 5):
 def new generation   total 17856K, used 17856K [0x04a00000, 0x05d50000, 0x0f4a0000)
  eden space 15936K, 100% used [0x04a00000, 0x05990000, 0x05990000)
  from space 1920K, 100% used [0x05990000, 0x05b70000, 0x05b70000)
  to   space 1920K,   0% used [0x05b70000, 0x05b70000, 0x05d50000)
 tenured generation   total 39364K, used 36083K [0x0f4a0000, 0x11b11000, 0x24a00000)
   the space 39364K,  91% used [0x0f4a0000, 0x117dcd90, 0x117dce00, 0x11b11000)
 Metaspace       used 30101K, capacity 32458K, committed 32512K, reserved 33152K
Event: 12.887 GC heap after
Heap after GC invocations=90 (full 5):
 def new generation   total 17856K, used 1920K [0x04a00000, 0x05d50000, 0x0f4a0000)
  eden space 15936K,   0% used [0x04a00000, 0x04a00000, 0x05990000)
  from space 1920K, 100% used [0x05b70000, 0x05d50000, 0x05d50000)
  to   space 1920K,   0% used [0x05990000, 0x05990000, 0x05b70000)
 tenured generation   total 39364K, used 39317K [0x0f4a0000, 0x11b11000, 0x24a00000)
   the space 39364K,  99% used [0x0f4a0000, 0x11b056d8, 0x11b05800, 0x11b11000)
 Metaspace       used 30101K, capacity 32458K, committed 32512K, reserved 33152K
}
Event: 12.964 GC heap before
{Heap before GC invocations=90 (full 5):
 def new generation   total 17856K, used 17856K [0x04a00000, 0x05d50000, 0x0f4a0000)
  eden space 15936K, 100% used [0x04a00000, 0x05990000, 0x05990000)
  from space 1920K, 100% used [0x05b70000, 0x05d50000, 0x05d50000)
  to   space 1920K,   0% used [0x05990000, 0x05990000, 0x05b70000)
 tenured generation   total 39364K, used 39317K [0x0f4a0000, 0x11b11000, 0x24a00000)
   the space 39364K,  99% used [0x0f4a0000, 0x11b056d8, 0x11b05800, 0x11b11000)
 Metaspace       used 30101K, capacity 32458K, committed 32512K, reserved 33152K
Event: 13.061 GC heap after
Heap after GC invocations=91 (full 6):
 def new generation   total 26624K, used 0K [0x04a00000, 0x066e0000, 0x0f4a0000)
  eden space 23680K,   0% used [0x04a00000, 0x04a00000, 0x06120000)
  from space 2944K,   0% used [0x06120000, 0x06120000, 0x06400000)
  to   space 2944K,   0% used [0x06400000, 0x06400000, 0x066e0000)
 tenured generation   total 58848K, used 35306K [0x0f4a0000, 0x12e18000, 0x24a00000)
   the space 58848K,  59% used [0x0f4a0000, 0x1171ab98, 0x1171ac00, 0x12e18000)
 Metaspace       used 30101K, capacity 32458K, committed 32512K, reserved 33152K
}
Event: 13.298 GC heap before
{Heap before GC invocations=91 (full 6):
 def new generation   total 26624K, used 23680K [0x04a00000, 0x066e0000, 0x0f4a0000)
  eden space 23680K, 100% used [0x04a00000, 0x06120000, 0x06120000)
  from space 2944K,   0% used [0x06120000, 0x06120000, 0x06400000)
  to   space 2944K,   0% used [0x06400000, 0x06400000, 0x066e0000)
 tenured generation   total 58848K, used 35306K [0x0f4a0000, 0x12e18000, 0x24a00000)
   the space 58848K,  59% used [0x0f4a0000, 0x1171ab98, 0x1171ac00, 0x12e18000)
 Metaspace       used 30102K, capacity 32458K, committed 32512K, reserved 33152K
Event: 13.308 GC heap after
Heap after GC invocations=92 (full 6):
 def new generation   total 26624K, used 2944K [0x04a00000, 0x066e0000, 0x0f4a0000)
  eden space 23680K,   0% used [0x04a00000, 0x04a00000, 0x06120000)
  from space 2944K, 100% used [0x06400000, 0x066e0000, 0x066e0000)
  to   space 2944K,   0% used [0x06120000, 0x06120000, 0x06400000)
 tenured generation   total 58848K, used 35947K [0x0f4a0000, 0x12e18000, 0x24a00000)
   the space 58848K,  61% used [0x0f4a0000, 0x117bacf0, 0x117bae00, 0x12e18000)
 Metaspace       used 30102K, capacity 32458K, committed 32512K, reserved 33152K
}
Event: 13.541 GC heap before
{Heap before GC invocations=92 (full 6):
 def new generation   total 26624K, used 26624K [0x04a00000, 0x066e0000, 0x0f4a0000)
  eden space 23680K, 100% used [0x04a00000, 0x06120000, 0x06120000)
  from space 2944K, 100% used [0x06400000, 0x066e0000, 0x066e0000)
  to   space 2944K,   0% used [0x06120000, 0x06120000, 0x06400000)
 tenured generation   total 58848K, used 35947K [0x0f4a0000, 0x12e18000, 0x24a00000)
   the space 58848K,  61% used [0x0f4a0000, 0x117bacf0, 0x117bae00, 0x12e18000)
 Metaspace       used 30106K, capacity 32458K, committed 32512K, reserved 33152K
Event: 13.558 GC heap after
Heap after GC invocations=93 (full 6):
 def new generation   total 26624K, used 2944K [0x04a00000, 0x066e0000, 0x0f4a0000)
  eden space 23680K,   0% used [0x04a00000, 0x04a00000, 0x06120000)
  from space 2944K, 100% used [0x06120000, 0x06400000, 0x06400000)
  to   space 2944K,   0% used [0x06400000, 0x06400000, 0x066e0000)
 tenured generation   total 58848K, used 41680K [0x0f4a0000, 0x12e18000, 0x24a00000)
   the space 58848K,  70% used [0x0f4a0000, 0x11d54238, 0x11d54400, 0x12e18000)
 Metaspace       used 30106K, capacity 32458K, committed 32512K, reserved 33152K
}
Event: 22.894 GC heap before
{Heap before GC invocations=93 (full 6):
 def new generation   total 26624K, used 26624K [0x04a00000, 0x066e0000, 0x0f4a0000)
  eden space 23680K, 100% used [0x04a00000, 0x06120000, 0x06120000)
  from space 2944K, 100% used [0x06120000, 0x06400000, 0x06400000)
  to   space 2944K,   0% used [0x06400000, 0x06400000, 0x066e0000)
 tenured generation   total 58848K, used 41680K [0x0f4a0000, 0x12e18000, 0x24a00000)
   the space 58848K,  70% used [0x0f4a0000, 0x11d54238, 0x11d54400, 0x12e18000)
 Metaspace       used 30111K, capacity 32463K, committed 32512K, reserved 33152K

